<?xml version="1.0" encoding="UTF-8"?>
<testng-results ignored="0" total="1" passed="1" failed="0" skipped="0">
  <reporter-output>
  </reporter-output>
  <suite started-at="2023-04-09T14:41:48 IST" name="Default suite" finished-at="2023-04-09T14:43:17 IST" duration-ms="89747">
    <groups>
      <group name="cucumber">
        <method signature="AbstractTestNGCucumberTests.runScenario(io.cucumber.testng.PickleWrapper,io.cucumber.testng.FeatureWrapper)[pri:0, instance:runner.Runner@72bc6553]" name="runScenario" class="io.cucumber.testng.AbstractTestNGCucumberTests"/>
      </group> <!-- cucumber -->
    </groups>
    <test started-at="2023-04-09T14:41:48 IST" name="Default test" finished-at="2023-04-09T14:43:17 IST" duration-ms="89747">
      <class name="runner.Runner">
        <test-method is-config="true" signature="setUpClass(org.testng.ITestContext)[pri:0, instance:runner.Runner@72bc6553]" started-at="2023-04-09T14:41:48 IST" name="setUpClass" finished-at="2023-04-09T14:41:54 IST" duration-ms="5759" status="PASS">
          <params>
            <param index="0">
              <value>
                <![CDATA[org.testng.TestRunner@5b3518e1]]>
              </value>
            </param>
          </params>
          <reporter-output>
          </reporter-output>
        </test-method> <!-- setUpClass -->
        <test-method signature="runScenario(io.cucumber.testng.PickleWrapper,io.cucumber.testng.FeatureWrapper)[pri:0, instance:runner.Runner@72bc6553]" started-at="2023-04-09T14:41:54 IST" name="runScenario" description="Runs Cucumber Scenarios" data-provider="scenarios" finished-at="2023-04-09T14:43:08 IST" duration-ms="74061" status="PASS">
          <params>
            <param index="0">
              <value>
                <![CDATA["As a user i want to add new customer in Tasks module after Login with valid Username and Password"]]>
              </value>
            </param>
            <param index="1">
              <value>
                <![CDATA["ActitimeTaskModule"]]>
              </value>
            </param>
          </params>
          <reporter-output>
          </reporter-output>
        </test-method> <!-- runScenario -->
        <test-method is-config="true" signature="tearDownClass()[pri:0, instance:runner.Runner@72bc6553]" started-at="2023-04-09T14:43:08 IST" name="tearDownClass" finished-at="2023-04-09T14:43:17 IST" duration-ms="9600" status="PASS">
          <reporter-output>
          </reporter-output>
        </test-method> <!-- tearDownClass -->
      </class> <!-- runner.Runner -->
    </test> <!-- Default test -->
  </suite> <!-- Default suite -->
</testng-results>
